This is pdfTeX, Version 3.14159265-2.6-1.40.19 (MiKTeX 2.9.6730) (preloaded format=pdflatex 2018.8.28)  5 MAR 2019 14:17
entering extended mode
**./kinetics_activity.tex
(kinetics_activity.tex
LaTeX2e <2018-04-01> patch level 5

("/Users/zanebillings/Library/Application Support/MiKTeX/texmfs/install/tex/lat
ex/base/article.cls"
Document Class: article 2014/09/29 v1.4h Standard LaTeX document class

("/Users/zanebillings/Library/Application Support/MiKTeX/texmfs/install/tex/lat
ex/base/size11.clo"
File: size11.clo 2014/09/29 v1.4h Standard LaTeX file (size option)
)
\c@part=\count80
\c@section=\count81
\c@subsection=\count82
\c@subsubsection=\count83
\c@paragraph=\count84
\c@subparagraph=\count85
\c@figure=\count86
\c@table=\count87
\abovecaptionskip=\skip41
\belowcaptionskip=\skip42
\bibindent=\dimen102
)
("/Users/zanebillings/Library/Application Support/MiKTeX/texmfs/install/tex/lat
ex/mathtools/mathtools.sty"
Package: mathtools 2018/01/08 v1.21 mathematical typesetting tools

("/Users/zanebillings/Library/Application Support/MiKTeX/texmfs/install/tex/lat
ex/graphics/keyval.sty"
Package: keyval 2014/10/28 v1.15 key=value parser (DPC)
\KV@toks@=\toks14
)
("/Users/zanebillings/Library/Application Support/MiKTeX/texmfs/install/tex/lat
ex/tools/calc.sty"
Package: calc 2017/05/25 v4.3 Infix arithmetic (KKT,FJ)
\calc@Acount=\count88
\calc@Bcount=\count89
\calc@Adimen=\dimen103
\calc@Bdimen=\dimen104
\calc@Askip=\skip43
\calc@Bskip=\skip44
LaTeX Info: Redefining \setlength on input line 80.
LaTeX Info: Redefining \addtolength on input line 81.
\calc@Ccount=\count90
\calc@Cskip=\skip45
)
("/Users/zanebillings/Library/Application Support/MiKTeX/texmfs/install/tex/lat
ex/mathtools/mhsetup.sty"
Package: mhsetup 2017/03/31 v1.3 programming setup (MH)
)
("/Users/zanebillings/Library/Application Support/MiKTeX/texmfs/install/tex/lat
ex/amsmath/amsmath.sty"
Package: amsmath 2017/09/02 v2.17a AMS math features
\@mathmargin=\skip46

For additional information on amsmath, use the `?' option.

("/Users/zanebillings/Library/Application Support/MiKTeX/texmfs/install/tex/lat
ex/amsmath/amstext.sty"
Package: amstext 2000/06/29 v2.01 AMS text

("/Users/zanebillings/Library/Application Support/MiKTeX/texmfs/install/tex/lat
ex/amsmath/amsgen.sty"
File: amsgen.sty 1999/11/30 v2.0 generic functions
\@emptytoks=\toks15
\ex@=\dimen105
))
("/Users/zanebillings/Library/Application Support/MiKTeX/texmfs/install/tex/lat
ex/amsmath/amsbsy.sty"
Package: amsbsy 1999/11/29 v1.2d Bold Symbols
\pmbraise@=\dimen106
)
("/Users/zanebillings/Library/Application Support/MiKTeX/texmfs/install/tex/lat
ex/amsmath/amsopn.sty"
Package: amsopn 2016/03/08 v2.02 operator names
)
\inf@bad=\count91
LaTeX Info: Redefining \frac on input line 213.
\uproot@=\count92
\leftroot@=\count93
LaTeX Info: Redefining \overline on input line 375.
\classnum@=\count94
\DOTSCASE@=\count95
LaTeX Info: Redefining \ldots on input line 472.
LaTeX Info: Redefining \dots on input line 475.
LaTeX Info: Redefining \cdots on input line 596.
\Mathstrutbox@=\box26
\strutbox@=\box27
\big@size=\dimen107
LaTeX Font Info:    Redeclaring font encoding OML on input line 712.
LaTeX Font Info:    Redeclaring font encoding OMS on input line 713.
\macc@depth=\count96
\c@MaxMatrixCols=\count97
\dotsspace@=\muskip10
\c@parentequation=\count98
\dspbrk@lvl=\count99
\tag@help=\toks16
\row@=\count100
\column@=\count101
\maxfields@=\count102
\andhelp@=\toks17
\eqnshift@=\dimen108
\alignsep@=\dimen109
\tagshift@=\dimen110
\tagwidth@=\dimen111
\totwidth@=\dimen112
\lineht@=\dimen113
\@envbody=\toks18
\multlinegap=\skip47
\multlinetaggap=\skip48
\mathdisplay@stack=\toks19
LaTeX Info: Redefining \[ on input line 2817.
LaTeX Info: Redefining \] on input line 2818.
)
LaTeX Info: Thecontrolsequence`\('isalreadyrobust on input line 129.
LaTeX Info: Thecontrolsequence`\)'isalreadyrobust on input line 129.
LaTeX Info: Thecontrolsequence`\['isalreadyrobust on input line 129.
LaTeX Info: Thecontrolsequence`\]'isalreadyrobust on input line 129.
\g_MT_multlinerow_int=\count103
\l_MT_multwidth_dim=\dimen114
\origjot=\skip49
\l_MT_shortvdotswithinadjustabove_dim=\dimen115
\l_MT_shortvdotswithinadjustbelow_dim=\dimen116
\l_MT_above_intertext_sep=\dimen117
\l_MT_below_intertext_sep=\dimen118
\l_MT_above_shortintertext_sep=\dimen119
\l_MT_below_shortintertext_sep=\dimen120
)
("/Users/zanebillings/Library/Application Support/MiKTeX/texmfs/install/tex/lat
ex/amsfonts/amssymb.sty"
Package: amssymb 2013/01/14 v3.01 AMS font symbols

("/Users/zanebillings/Library/Application Support/MiKTeX/texmfs/install/tex/lat
ex/amsfonts/amsfonts.sty"
Package: amsfonts 2013/01/14 v3.01 Basic AMSFonts support
\symAMSa=\mathgroup4
\symAMSb=\mathgroup5
LaTeX Font Info:    Overwriting math alphabet `\mathfrak' in version `bold'
(Font)                  U/euf/m/n --> U/euf/b/n on input line 106.
))
("/Users/zanebillings/Library/Application Support/MiKTeX/texmfs/install/tex/lat
ex/listings/listings.sty"
\lst@mode=\count104
\lst@gtempboxa=\box28
\lst@token=\toks20
\lst@length=\count105
\lst@currlwidth=\dimen121
\lst@column=\count106
\lst@pos=\count107
\lst@lostspace=\dimen122
\lst@width=\dimen123
\lst@newlines=\count108
\lst@lineno=\count109
\lst@maxwidth=\dimen124

("/Users/zanebillings/Library/Application Support/MiKTeX/texmfs/install/tex/lat
ex/listings/lstmisc.sty"
File: lstmisc.sty 2018/09/02 1.7 (Carsten Heinz)
\c@lstnumber=\count110
\lst@skipnumbers=\count111
\lst@framebox=\box29
)
("/Users/zanebillings/Library/Application Support/MiKTeX/texmfs/install/tex/lat
ex/listings/listings.cfg"
File: listings.cfg 2018/09/02 1.7 listings configuration
))
Package: listings 2018/09/02 1.7 (Carsten Heinz)

("/Users/zanebillings/Library/Application Support/MiKTeX/texmfs/install/tex/lat
ex/xcolor/xcolor.sty"
Package: xcolor 2016/05/11 v2.12 LaTeX color extensions (UK)

("/Users/zanebillings/Library/Application Support/MiKTeX/texmfs/install/tex/lat
ex/graphics-cfg/color.cfg"
File: color.cfg 2016/01/02 v1.6 sample color configuration
)
Package xcolor Info: Driver file: pdftex.def on input line 225.

("/Users/zanebillings/Library/Application Support/MiKTeX/texmfs/install/tex/lat
ex/graphics-def/pdftex.def"
File: pdftex.def 2018/01/08 v1.0l Graphics/color driver for pdftex
)
Package xcolor Info: Model `cmy' substituted by `cmy0' on input line 1348.
Package xcolor Info: Model `hsb' substituted by `rgb' on input line 1352.
Package xcolor Info: Model `RGB' extended on input line 1364.
Package xcolor Info: Model `HTML' substituted by `rgb' on input line 1366.
Package xcolor Info: Model `Hsb' substituted by `hsb' on input line 1367.
Package xcolor Info: Model `tHsb' substituted by `hsb' on input line 1368.
Package xcolor Info: Model `HSB' substituted by `hsb' on input line 1369.
Package xcolor Info: Model `Gray' substituted by `gray' on input line 1370.
Package xcolor Info: Model `wave' substituted by `hsb' on input line 1371.
)
("/Users/zanebillings/Library/Application Support/MiKTeX/texmfs/install/tex/lat
ex/graphics/graphicx.sty"
Package: graphicx 2017/06/01 v1.1a Enhanced LaTeX Graphics (DPC,SPQR)

("/Users/zanebillings/Library/Application Support/MiKTeX/texmfs/install/tex/lat
ex/graphics/graphics.sty"
Package: graphics 2017/06/25 v1.2c Standard LaTeX Graphics (DPC,SPQR)

("/Users/zanebillings/Library/Application Support/MiKTeX/texmfs/install/tex/lat
ex/graphics/trig.sty"
Package: trig 2016/01/03 v1.10 sin cos tan (DPC)
)
("/Users/zanebillings/Library/Application Support/MiKTeX/texmfs/install/tex/lat
ex/graphics-cfg/graphics.cfg"
File: graphics.cfg 2016/06/04 v1.11 sample graphics configuration
)
Package graphics Info: Driver file: pdftex.def on input line 99.
)
\Gin@req@height=\dimen125
\Gin@req@width=\dimen126
)
("/Users/zanebillings/Library/Application Support/MiKTeX/texmfs/install/tex/lat
ex/geometry/geometry.sty"
Package: geometry 2018/04/16 v5.8 Page Geometry

("/Users/zanebillings/Library/Application Support/MiKTeX/texmfs/install/tex/gen
eric/oberdiek/ifpdf.sty"
Package: ifpdf 2017/03/15 v3.2 Provides the ifpdf switch
)
("/Users/zanebillings/Library/Application Support/MiKTeX/texmfs/install/tex/gen
eric/oberdiek/ifvtex.sty"
Package: ifvtex 2016/05/16 v1.6 Detect VTeX and its facilities (HO)
Package ifvtex Info: VTeX not detected.
)
("/Users/zanebillings/Library/Application Support/MiKTeX/texmfs/install/tex/gen
eric/ifxetex/ifxetex.sty"
Package: ifxetex 2010/09/12 v0.6 Provides ifxetex conditional
)
\Gm@cnth=\count112
\Gm@cntv=\count113
\c@Gm@tempcnt=\count114
\Gm@bindingoffset=\dimen127
\Gm@wd@mp=\dimen128
\Gm@odd@mp=\dimen129
\Gm@even@mp=\dimen130
\Gm@layoutwidth=\dimen131
\Gm@layoutheight=\dimen132
\Gm@layouthoffset=\dimen133
\Gm@layoutvoffset=\dimen134
\Gm@dimlist=\toks21

("/Users/zanebillings/Library/Application Support/MiKTeX/texmfs/install/tex/lat
ex/geometry/geometry.cfg"))
("/Users/zanebillings/Library/Application Support/MiKTeX/texmfs/install/tex/lat
ex/listings/lstlang1.sty"
File: lstlang1.sty 2018/09/02 1.7 listings language file
)
("/Users/zanebillings/Library/Application Support/MiKTeX/texmfs/install/tex/lat
ex/listings/lstlang2.sty"
File: lstlang2.sty 2018/09/02 1.7 listings language file
)
("/Users/zanebillings/Library/Application Support/MiKTeX/texmfs/install/tex/lat
ex/listings/lstlang3.sty"
File: lstlang3.sty 2018/09/02 1.7 listings language file
) (kinetics_activity.aux)
\openout1 = `kinetics_activity.aux'.

LaTeX Font Info:    Checking defaults for OML/cmm/m/it on input line 28.
LaTeX Font Info:    ... okay on input line 28.
LaTeX Font Info:    Checking defaults for T1/cmr/m/n on input line 28.
LaTeX Font Info:    ... okay on input line 28.
LaTeX Font Info:    Checking defaults for OT1/cmr/m/n on input line 28.
LaTeX Font Info:    ... okay on input line 28.
LaTeX Font Info:    Checking defaults for OMS/cmsy/m/n on input line 28.
LaTeX Font Info:    ... okay on input line 28.
LaTeX Font Info:    Checking defaults for OMX/cmex/m/n on input line 28.
LaTeX Font Info:    ... okay on input line 28.
LaTeX Font Info:    Checking defaults for U/cmr/m/n on input line 28.
LaTeX Font Info:    ... okay on input line 28.
\c@lstlisting=\count115

("/Users/zanebillings/Library/Application Support/MiKTeX/texmfs/install/tex/con
text/base/supp-pdf.mkii"
[Loading MPS to PDF converter (version 2006.09.02).]
\scratchcounter=\count116
\scratchdimen=\dimen135
\scratchbox=\box30
\nofMPsegments=\count117
\nofMParguments=\count118
\everyMPshowfont=\toks22
\MPscratchCnt=\count119
\MPscratchDim=\dimen136
\MPnumerator=\count120
\makeMPintoPDFobject=\count121
\everyMPtoPDFconversion=\toks23
)
("/Users/zanebillings/Library/Application Support/MiKTeX/texmfs/install/tex/lat
ex/oberdiek/epstopdf-base.sty"
Package: epstopdf-base 2016/05/15 v2.6 Base part for package epstopdf

("/Users/zanebillings/Library/Application Support/MiKTeX/texmfs/install/tex/gen
eric/oberdiek/infwarerr.sty"
Package: infwarerr 2016/05/16 v1.4 Providing info/warning/error messages (HO)
)
("/Users/zanebillings/Library/Application Support/MiKTeX/texmfs/install/tex/lat
ex/oberdiek/grfext.sty"
Package: grfext 2016/05/16 v1.2 Manage graphics extensions (HO)

("/Users/zanebillings/Library/Application Support/MiKTeX/texmfs/install/tex/gen
eric/oberdiek/kvdefinekeys.sty"
Package: kvdefinekeys 2016/05/16 v1.4 Define keys (HO)

("/Users/zanebillings/Library/Application Support/MiKTeX/texmfs/install/tex/gen
eric/oberdiek/ltxcmds.sty"
Package: ltxcmds 2016/05/16 v1.23 LaTeX kernel commands for general use (HO)
)))
("/Users/zanebillings/Library/Application Support/MiKTeX/texmfs/install/tex/lat
ex/oberdiek/kvoptions.sty"
Package: kvoptions 2016/05/16 v3.12 Key value format for package options (HO)

("/Users/zanebillings/Library/Application Support/MiKTeX/texmfs/install/tex/gen
eric/oberdiek/kvsetkeys.sty"
Package: kvsetkeys 2016/05/16 v1.17 Key value parser (HO)

("/Users/zanebillings/Library/Application Support/MiKTeX/texmfs/install/tex/gen
eric/oberdiek/etexcmds.sty"
Package: etexcmds 2016/05/16 v1.6 Avoid name clashes with e-TeX commands (HO)

("/Users/zanebillings/Library/Application Support/MiKTeX/texmfs/install/tex/gen
eric/oberdiek/ifluatex.sty"
Package: ifluatex 2016/05/16 v1.4 Provides the ifluatex switch (HO)
Package ifluatex Info: LuaTeX not detected.
)
Package etexcmds Info: Could not find \expanded.
(etexcmds)             That can mean that you are not using pdfTeX 1.50 or
(etexcmds)             that some package has redefined \expanded.
(etexcmds)             In the latter case, load this package earlier.
)))
("/Users/zanebillings/Library/Application Support/MiKTeX/texmfs/install/tex/gen
eric/oberdiek/pdftexcmds.sty"
Package: pdftexcmds 2018/01/30 v0.27 Utility functions of pdfTeX for LuaTeX (HO
)
Package pdftexcmds Info: LuaTeX not detected.
Package pdftexcmds Info: \pdf@primitive is available.
Package pdftexcmds Info: \pdf@ifprimitive is available.
Package pdftexcmds Info: \pdfdraftmode found.
)
Package epstopdf-base Info: Redefining graphics rule for `.eps' on input line 4
38.
Package grfext Info: Graphics extension search list:
(grfext)             [.pdf,.png,.jpg,.mps,.jpeg,.jbig2,.jb2,.PDF,.PNG,.JPG,.JPE
G,.JBIG2,.JB2,.eps]
(grfext)             \AppendGraphicsExtensions on input line 456.
)
*geometry* driver: auto-detecting
*geometry* detected driver: pdftex
*geometry* verbose mode - [ preamble ] result:
* driver: pdftex
* paper: <default>
* layout: <same size as paper>
* layoutoffset:(h,v)=(0.0pt,0.0pt)
* modes: 
* h-part:(L,W,R)=(72.26999pt, 469.75502pt, 72.26999pt)
* v-part:(T,H,B)=(72.26999pt, 650.43001pt, 72.26999pt)
* \paperwidth=614.295pt
* \paperheight=794.96999pt
* \textwidth=469.75502pt
* \textheight=650.43001pt
* \oddsidemargin=0.0pt
* \evensidemargin=0.0pt
* \topmargin=-37.0pt
* \headheight=12.0pt
* \headsep=25.0pt
* \topskip=11.0pt
* \footskip=30.0pt
* \marginparwidth=59.0pt
* \marginparsep=10.0pt
* \columnsep=10.0pt
* \skip\footins=10.0pt plus 4.0pt minus 2.0pt
* \hoffset=0.0pt
* \voffset=0.0pt
* \mag=1000
* \@twocolumnfalse
* \@twosidefalse
* \@mparswitchfalse
* \@reversemarginfalse
* (1in=72.27pt=25.4mm, 1cm=28.453pt)

LaTeX Font Info:    Try loading font information for U+msa on input line 30.

("/Users/zanebillings/Library/Application Support/MiKTeX/texmfs/install/tex/lat
ex/amsfonts/umsa.fd"
File: umsa.fd 2013/01/14 v3.01 AMS symbols A
)
LaTeX Font Info:    Try loading font information for U+msb on input line 30.

("/Users/zanebillings/Library/Application Support/MiKTeX/texmfs/install/tex/lat
ex/amsfonts/umsb.fd"
File: umsb.fd 2013/01/14 v3.01 AMS symbols B
)
LaTeX Font Info:    Try loading font information for OMS+cmr on input line 43.

("/Users/zanebillings/Library/Application Support/MiKTeX/texmfs/install/tex/lat
ex/base/omscmr.fd"
File: omscmr.fd 2014/09/29 v2.5h Standard LaTeX font definitions
)
LaTeX Font Info:    Font shape `OMS/cmr/m/n' in size <10.95> not available
(Font)              Font shape `OMS/cmsy/m/n' tried instead on input line 43.
 [1

{/Users/zanebillings/Library/Application Support/MiKTeX/texmfs/data/pdftex/conf
ig/pdftex.map}]
LaTeX Font Info:    Try loading font information for OML+cmr on input line 84.

("/Users/zanebillings/Library/Application Support/MiKTeX/texmfs/install/tex/lat
ex/base/omlcmr.fd"
File: omlcmr.fd 2014/09/29 v2.5h Standard LaTeX font definitions
)
LaTeX Font Info:    Font shape `OML/cmr/bx/n' in size <10.95> not available
(Font)              Font shape `OML/cmm/b/it' tried instead on input line 84.
 [2]
<output_ex_model.png, id=20, 466.74374pt x 325.215pt>
File: output_ex_model.png Graphic file (type png)
<use output_ex_model.png>
Package pdftex.def Info: output_ex_model.png  used on input line 119.
(pdftex.def)             Requested size: 234.8775pt x 163.65912pt.
<LB_plot.png, id=22, 1003.75pt x 665.48625pt>
File: LB_plot.png Graphic file (type png)
<use LB_plot.png>
Package pdftex.def Info: LB_plot.png  used on input line 138.
(pdftex.def)             Requested size: 352.31625pt x 233.58371pt.
 [3 <./output_ex_model.png>]
<output_cfs.png, id=28, 276.03125pt x 138.5175pt>
File: output_cfs.png Graphic file (type png)
<use output_cfs.png>
Package pdftex.def Info: output_cfs.png  used on input line 147.
(pdftex.def)             Requested size: 234.8775pt x 117.87146pt.
 [4 <./LB_plot.png> <./output_cfs.png>]
LaTeX Font Info:    Font shape `OMS/cmr/bx/n' in size <10.95> not available
(Font)              Font shape `OMS/cmsy/b/n' tried instead on input line 157.
<Ex_Final.png, id=34, 1003.75pt x 665.48625pt>
File: Ex_Final.png Graphic file (type png)
<use Ex_Final.png>
Package pdftex.def Info: Ex_Final.png  used on input line 164.
(pdftex.def)             Requested size: 352.31625pt x 233.58371pt.
 [5 <./Ex_Final.png>]
LaTeX Font Info:    Font shape `OT1/cmtt/bx/n' in size <10.95> not available
(Font)              Font shape `OT1/cmtt/m/n' tried instead on input line 178.
 [6] [7] (kinetics_activity.aux) ) 
Here is how much of TeX's memory you used:
 6241 strings out of 494891
 87537 string characters out of 3176565
 339407 words of memory out of 3000000
 9776 multiletter control sequences out of 15000+200000
 12479 words of font info for 47 fonts, out of 3000000 for 9000
 0 hyphenation exceptions out of 8191
 41i,10n,40p,581b,1931s stack positions out of 5000i,500n,10000p,200000b,50000s
</Users/zanebillings/Library/Application Supp
ort/MiKTeX/texmfs/install/fonts/type1/public/amsfonts/cm/cmbsy10.pfb></Users/za
nebillings/Library/Application Support/MiKTeX/texmfs/install/fonts/type1/public
/amsfonts/cm/cmbx10.pfb></Users/zanebillings/Library/Application Support/MiKTeX
/texmfs/install/fonts/type1/public/amsfonts/cm/cmbx12.pfb></Users/zanebillings/
Library/Application Support/MiKTeX/texmfs/install/fonts/type1/public/amsfonts/c
m/cmex10.pfb></Users/zanebillings/Library/Application Support/MiKTeX/texmfs/ins
tall/fonts/type1/public/amsfonts/cm/cmmi10.pfb></Users/zanebillings/Library/App
lication Support/MiKTeX/texmfs/install/fonts/type1/public/amsfonts/cm/cmmi8.pfb
></Users/zanebillings/Library/Application Support/MiKTeX/texmfs/install/fonts/t
ype1/public/amsfonts/cm/cmmib10.pfb></Users/zanebillings/Library/Application Su
pport/MiKTeX/texmfs/install/fonts/type1/public/amsfonts/cm/cmr10.pfb></Users/za
nebillings/Library/Application Support/MiKTeX/texmfs/install/fonts/type1/public
/amsfonts/cm/cmr12.pfb></Users/zanebillings/Library/Application Support/MiKTeX/
texmfs/install/fonts/type1/public/amsfonts/cm/cmr17.pfb></Users/zanebillings/Li
brary/Application Support/MiKTeX/texmfs/install/fonts/type1/public/amsfonts/cm/
cmr8.pfb></Users/zanebillings/Library/Application Support/MiKTeX/texmfs/install
/fonts/type1/public/amsfonts/cm/cmsy10.pfb></Users/zanebillings/Library/Applica
tion Support/MiKTeX/texmfs/install/fonts/type1/public/amsfonts/cm/cmsy8.pfb></U
sers/zanebillings/Library/Application Support/MiKTeX/texmfs/install/fonts/type1
/public/amsfonts/cm/cmti10.pfb></Users/zanebillings/Library/Application Support
/MiKTeX/texmfs/install/fonts/type1/public/amsfonts/cm/cmtt10.pfb>
Output written on kinetics_activity.pdf (7 pages, 320795 bytes).
PDF statistics:
 95 PDF objects out of 1000 (max. 8388607)
 0 named destinations out of 1000 (max. 500000)
 21 words of extra memory for PDF output out of 10000 (max. 10000000)

